11:43:30 [thread_id="25"] - (INFO) - [org.hibernate.validator.internal.util.Version] HV000001: Hibernate Validator 6.2.5.Final
11:43:30 [thread_id="23"] - (INFO) - [uy.com.s4b.ManejoErrorApplication] Starting ManejoErrorApplication using Java 11.0.17 on MacBookPro-Alf.local with PID 6235 (/Users/arpela/Documents/proyectosPruebas/Prueba_Errores_REST/target/classes started by arpela in /Users/arpela/Documents/proyectosPruebas/Prueba_Errores_REST)
11:43:30 [thread_id="23"] - (INFO) - [uy.com.s4b.ManejoErrorApplication] No active profile set, falling back to 1 default profile: "default"
11:43:30 [thread_id="23"] - (INFO) - [org.springframework.boot.devtools.env.DevToolsPropertyDefaultsPostProcessor] Devtools property defaults active! Set 'spring.devtools.add-properties' to 'false' to disable
11:43:30 [thread_id="23"] - (INFO) - [org.springframework.boot.devtools.env.DevToolsPropertyDefaultsPostProcessor] For additional web related logging consider setting the 'logging.level.web' property to 'DEBUG'
11:43:31 [thread_id="23"] - (INFO) - [org.springframework.data.repository.config.RepositoryConfigurationDelegate] Bootstrapping Spring Data JPA repositories in DEFAULT mode.
11:43:31 [thread_id="23"] - (INFO) - [org.springframework.data.repository.config.RepositoryConfigurationDelegate] Finished Spring Data repository scanning in 39 ms. Found 1 JPA repository interfaces.
11:43:31 [thread_id="23"] - (INFO) - [org.springframework.boot.web.embedded.tomcat.TomcatWebServer] Tomcat initialized with port(s): 8090 (http)
11:43:31 [thread_id="23"] - (INFO) - [org.apache.coyote.http11.Http11NioProtocol] Initializing ProtocolHandler ["http-nio-8090"]
11:43:31 [thread_id="23"] - (INFO) - [org.apache.catalina.core.StandardService] Starting service [Tomcat]
11:43:31 [thread_id="23"] - (INFO) - [org.apache.catalina.core.StandardEngine] Starting Servlet engine: [Apache Tomcat/9.0.65]
11:43:31 [thread_id="23"] - (INFO) - [org.apache.catalina.core.ContainerBase.[Tomcat].[localhost].[/]] Initializing Spring embedded WebApplicationContext
11:43:31 [thread_id="23"] - (INFO) - [org.springframework.boot.web.servlet.context.ServletWebServerApplicationContext] Root WebApplicationContext: initialization completed in 1469 ms
11:43:31 [thread_id="23"] - (INFO) - [com.zaxxer.hikari.HikariDataSource] HikariPool-1 - Starting...
11:43:31 [thread_id="23"] - (INFO) - [com.zaxxer.hikari.HikariDataSource] HikariPool-1 - Start completed.
11:43:31 [thread_id="23"] - (INFO) - [org.springframework.boot.autoconfigure.h2.H2ConsoleAutoConfiguration] H2 console available at '/h2-console'. Database available at 'jdbc:h2:mem:testdb'
11:43:32 [thread_id="23"] - (INFO) - [org.hibernate.jpa.internal.util.LogHelper] HHH000204: Processing PersistenceUnitInfo [name: default]
11:43:32 [thread_id="23"] - (INFO) - [org.hibernate.Version] HHH000412: Hibernate ORM core version 5.6.11.Final
11:43:32 [thread_id="23"] - (INFO) - [org.hibernate.annotations.common.Version] HCANN000001: Hibernate Commons Annotations {5.1.2.Final}
11:43:32 [thread_id="23"] - (INFO) - [org.hibernate.dialect.Dialect] HHH000400: Using dialect: org.hibernate.dialect.H2Dialect
11:43:32 [thread_id="23"] - (INFO) - [org.hibernate.engine.transaction.jta.platform.internal.JtaPlatformInitiator] HHH000490: Using JtaPlatform implementation: [org.hibernate.engine.transaction.jta.platform.internal.NoJtaPlatform]
11:43:32 [thread_id="23"] - (INFO) - [org.springframework.orm.jpa.LocalContainerEntityManagerFactoryBean] Initialized JPA EntityManagerFactory for persistence unit 'default'
11:43:33 [thread_id="23"] - (WARN) - [org.springframework.boot.autoconfigure.orm.jpa.JpaBaseConfiguration$JpaWebConfiguration] spring.jpa.open-in-view is enabled by default. Therefore, database queries may be performed during view rendering. Explicitly configure spring.jpa.open-in-view to disable this warning
11:43:33 [thread_id="23"] - (INFO) - [org.springframework.boot.devtools.autoconfigure.OptionalLiveReloadServer] LiveReload server is running on port 35729
11:43:33 [thread_id="23"] - (INFO) - [org.apache.coyote.http11.Http11NioProtocol] Starting ProtocolHandler ["http-nio-8090"]
11:43:33 [thread_id="23"] - (INFO) - [org.springframework.boot.web.embedded.tomcat.TomcatWebServer] Tomcat started on port(s): 8090 (http) with context path ''
11:43:33 [thread_id="23"] - (INFO) - [uy.com.s4b.ManejoErrorApplication] Started ManejoErrorApplication in 3.638 seconds (JVM running for 4.819)
11:43:44 [thread_id="34"] - (INFO) - [org.springframework.boot.devtools.autoconfigure.LocalDevToolsAutoConfiguration$RestartingClassPathChangeChangedEventListener] Restarting due to 3 class path changes (0 additions, 0 deletions, 3 modifications)
11:43:44 [thread_id="35"] - (INFO) - [org.apache.coyote.http11.Http11NioProtocol] Pausing ProtocolHandler ["http-nio-8090"]
11:43:44 [thread_id="35"] - (INFO) - [org.apache.catalina.core.StandardService] Stopping service [Tomcat]
11:43:45 [thread_id="35"] - (INFO) - [org.apache.coyote.http11.Http11NioProtocol] Stopping ProtocolHandler ["http-nio-8090"]
11:43:45 [thread_id="35"] - (INFO) - [org.apache.coyote.http11.Http11NioProtocol] Destroying ProtocolHandler ["http-nio-8090"]
11:43:45 [thread_id="35"] - (INFO) - [org.springframework.orm.jpa.LocalContainerEntityManagerFactoryBean] Closing JPA EntityManagerFactory for persistence unit 'default'
11:43:45 [thread_id="35"] - (INFO) - [org.hibernate.tool.schema.internal.SchemaDropperImpl$DelayedDropActionImpl] HHH000477: Starting delayed evictData of schema as part of SessionFactory shut-down'
11:43:45 [thread_id="35"] - (WARN) - [org.springframework.beans.factory.support.DisposableBeanAdapter] Invocation of destroy method failed on bean with name 'inMemoryDatabaseShutdownExecutor': org.h2.jdbc.JdbcSQLNonTransientConnectionException: La base de datos ya esta cerrada (para des-habilitar el cerrado automatico durante el shutdown de la VM, agregue ";DB_CLOSE_ON_EXIT=FALSE" a la URL de conexión)
Database is already closed (to disable automatic closing at VM shutdown, add ";DB_CLOSE_ON_EXIT=FALSE" to the db URL) [90121-214]
11:43:45 [thread_id="35"] - (INFO) - [com.zaxxer.hikari.HikariDataSource] HikariPool-1 - Shutdown initiated...
11:43:45 [thread_id="35"] - (INFO) - [com.zaxxer.hikari.HikariDataSource] HikariPool-1 - Shutdown completed.
11:43:45 [thread_id="53"] - (INFO) - [uy.com.s4b.ManejoErrorApplication] Starting ManejoErrorApplication using Java 11.0.17 on MacBookPro-Alf.local with PID 6235 (/Users/arpela/Documents/proyectosPruebas/Prueba_Errores_REST/target/classes started by arpela in /Users/arpela/Documents/proyectosPruebas/Prueba_Errores_REST)
11:43:45 [thread_id="53"] - (INFO) - [uy.com.s4b.ManejoErrorApplication] No active profile set, falling back to 1 default profile: "default"
11:43:45 [thread_id="53"] - (INFO) - [org.springframework.data.repository.config.RepositoryConfigurationDelegate] Bootstrapping Spring Data JPA repositories in DEFAULT mode.
11:43:45 [thread_id="53"] - (INFO) - [org.springframework.data.repository.config.RepositoryConfigurationDelegate] Finished Spring Data repository scanning in 10 ms. Found 1 JPA repository interfaces.
11:43:45 [thread_id="53"] - (INFO) - [org.springframework.boot.web.embedded.tomcat.TomcatWebServer] Tomcat initialized with port(s): 8090 (http)
11:43:45 [thread_id="53"] - (INFO) - [org.apache.coyote.http11.Http11NioProtocol] Initializing ProtocolHandler ["http-nio-8090"]
11:43:45 [thread_id="53"] - (INFO) - [org.apache.catalina.core.StandardService] Starting service [Tomcat]
11:43:45 [thread_id="53"] - (INFO) - [org.apache.catalina.core.StandardEngine] Starting Servlet engine: [Apache Tomcat/9.0.65]
11:43:45 [thread_id="53"] - (INFO) - [org.apache.catalina.core.ContainerBase.[Tomcat].[localhost].[/]] Initializing Spring embedded WebApplicationContext
11:43:45 [thread_id="53"] - (INFO) - [org.springframework.boot.web.servlet.context.ServletWebServerApplicationContext] Root WebApplicationContext: initialization completed in 349 ms
11:43:45 [thread_id="53"] - (INFO) - [com.zaxxer.hikari.HikariDataSource] HikariPool-2 - Starting...
11:43:45 [thread_id="53"] - (INFO) - [com.zaxxer.hikari.HikariDataSource] HikariPool-2 - Start completed.
11:43:45 [thread_id="53"] - (INFO) - [org.springframework.boot.autoconfigure.h2.H2ConsoleAutoConfiguration] H2 console available at '/h2-console'. Database available at 'jdbc:h2:mem:testdb'
11:43:45 [thread_id="53"] - (INFO) - [org.hibernate.jpa.internal.util.LogHelper] HHH000204: Processing PersistenceUnitInfo [name: default]
11:43:45 [thread_id="53"] - (INFO) - [org.hibernate.dialect.Dialect] HHH000400: Using dialect: org.hibernate.dialect.H2Dialect
11:43:45 [thread_id="53"] - (INFO) - [org.hibernate.engine.transaction.jta.platform.internal.JtaPlatformInitiator] HHH000490: Using JtaPlatform implementation: [org.hibernate.engine.transaction.jta.platform.internal.NoJtaPlatform]
11:43:45 [thread_id="53"] - (INFO) - [org.springframework.orm.jpa.LocalContainerEntityManagerFactoryBean] Initialized JPA EntityManagerFactory for persistence unit 'default'
11:43:45 [thread_id="53"] - (WARN) - [org.springframework.boot.autoconfigure.orm.jpa.JpaBaseConfiguration$JpaWebConfiguration] spring.jpa.open-in-view is enabled by default. Therefore, database queries may be performed during view rendering. Explicitly configure spring.jpa.open-in-view to disable this warning
11:43:46 [thread_id="53"] - (INFO) - [org.springframework.boot.devtools.autoconfigure.OptionalLiveReloadServer] LiveReload server is running on port 35729
11:43:46 [thread_id="53"] - (INFO) - [org.apache.coyote.http11.Http11NioProtocol] Starting ProtocolHandler ["http-nio-8090"]
11:43:46 [thread_id="53"] - (INFO) - [org.springframework.boot.web.embedded.tomcat.TomcatWebServer] Tomcat started on port(s): 8090 (http) with context path ''
11:43:46 [thread_id="53"] - (INFO) - [uy.com.s4b.ManejoErrorApplication] Started ManejoErrorApplication in 0.771 seconds (JVM running for 17.431)
11:43:46 [thread_id="53"] - (INFO) - [org.springframework.boot.devtools.autoconfigure.ConditionEvaluationDeltaLoggingListener] Condition evaluation unchanged
11:45:09 [thread_id="61"] - (INFO) - [org.springframework.boot.devtools.autoconfigure.LocalDevToolsAutoConfiguration$RestartingClassPathChangeChangedEventListener] Restarting due to 1 class path change (0 additions, 0 deletions, 1 modification)
11:45:09 [thread_id="50"] - (INFO) - [org.apache.coyote.http11.Http11NioProtocol] Pausing ProtocolHandler ["http-nio-8090"]
11:45:09 [thread_id="50"] - (INFO) - [org.apache.catalina.core.StandardService] Stopping service [Tomcat]
11:45:09 [thread_id="50"] - (INFO) - [org.apache.coyote.http11.Http11NioProtocol] Stopping ProtocolHandler ["http-nio-8090"]
11:45:09 [thread_id="50"] - (INFO) - [org.apache.coyote.http11.Http11NioProtocol] Destroying ProtocolHandler ["http-nio-8090"]
11:45:09 [thread_id="50"] - (INFO) - [org.springframework.orm.jpa.LocalContainerEntityManagerFactoryBean] Closing JPA EntityManagerFactory for persistence unit 'default'
11:45:09 [thread_id="50"] - (INFO) - [org.hibernate.tool.schema.internal.SchemaDropperImpl$DelayedDropActionImpl] HHH000477: Starting delayed evictData of schema as part of SessionFactory shut-down'
11:45:09 [thread_id="50"] - (WARN) - [org.springframework.beans.factory.support.DisposableBeanAdapter] Invocation of destroy method failed on bean with name 'inMemoryDatabaseShutdownExecutor': org.h2.jdbc.JdbcSQLNonTransientConnectionException: La base de datos ya esta cerrada (para des-habilitar el cerrado automatico durante el shutdown de la VM, agregue ";DB_CLOSE_ON_EXIT=FALSE" a la URL de conexión)
Database is already closed (to disable automatic closing at VM shutdown, add ";DB_CLOSE_ON_EXIT=FALSE" to the db URL) [90121-214]
11:45:09 [thread_id="50"] - (INFO) - [com.zaxxer.hikari.HikariDataSource] HikariPool-2 - Shutdown initiated...
11:45:09 [thread_id="50"] - (INFO) - [com.zaxxer.hikari.HikariDataSource] HikariPool-2 - Shutdown completed.
11:45:09 [thread_id="77"] - (INFO) - [uy.com.s4b.ManejoErrorApplication] Starting ManejoErrorApplication using Java 11.0.17 on MacBookPro-Alf.local with PID 6235 (/Users/arpela/Documents/proyectosPruebas/Prueba_Errores_REST/target/classes started by arpela in /Users/arpela/Documents/proyectosPruebas/Prueba_Errores_REST)
11:45:09 [thread_id="77"] - (INFO) - [uy.com.s4b.ManejoErrorApplication] No active profile set, falling back to 1 default profile: "default"
11:45:10 [thread_id="77"] - (INFO) - [org.springframework.data.repository.config.RepositoryConfigurationDelegate] Bootstrapping Spring Data JPA repositories in DEFAULT mode.
11:45:10 [thread_id="77"] - (INFO) - [org.springframework.data.repository.config.RepositoryConfigurationDelegate] Finished Spring Data repository scanning in 8 ms. Found 1 JPA repository interfaces.
11:45:10 [thread_id="77"] - (INFO) - [org.springframework.boot.web.embedded.tomcat.TomcatWebServer] Tomcat initialized with port(s): 8080 (http)
11:45:10 [thread_id="77"] - (INFO) - [org.apache.coyote.http11.Http11NioProtocol] Initializing ProtocolHandler ["http-nio-8080"]
11:45:10 [thread_id="77"] - (INFO) - [org.apache.catalina.core.StandardService] Starting service [Tomcat]
11:45:10 [thread_id="77"] - (INFO) - [org.apache.catalina.core.StandardEngine] Starting Servlet engine: [Apache Tomcat/9.0.65]
11:45:10 [thread_id="77"] - (INFO) - [org.apache.catalina.core.ContainerBase.[Tomcat].[localhost].[/]] Initializing Spring embedded WebApplicationContext
11:45:10 [thread_id="77"] - (INFO) - [org.springframework.boot.web.servlet.context.ServletWebServerApplicationContext] Root WebApplicationContext: initialization completed in 310 ms
11:45:10 [thread_id="77"] - (INFO) - [com.zaxxer.hikari.HikariDataSource] HikariPool-3 - Starting...
11:45:10 [thread_id="77"] - (INFO) - [com.zaxxer.hikari.HikariDataSource] HikariPool-3 - Start completed.
11:45:10 [thread_id="77"] - (INFO) - [org.springframework.boot.autoconfigure.h2.H2ConsoleAutoConfiguration] H2 console available at '/h2-console'. Database available at 'jdbc:h2:mem:testdb'
11:45:10 [thread_id="77"] - (INFO) - [org.hibernate.jpa.internal.util.LogHelper] HHH000204: Processing PersistenceUnitInfo [name: default]
11:45:10 [thread_id="77"] - (INFO) - [org.hibernate.dialect.Dialect] HHH000400: Using dialect: org.hibernate.dialect.H2Dialect
11:45:10 [thread_id="77"] - (INFO) - [org.hibernate.engine.transaction.jta.platform.internal.JtaPlatformInitiator] HHH000490: Using JtaPlatform implementation: [org.hibernate.engine.transaction.jta.platform.internal.NoJtaPlatform]
11:45:10 [thread_id="77"] - (INFO) - [org.springframework.orm.jpa.LocalContainerEntityManagerFactoryBean] Initialized JPA EntityManagerFactory for persistence unit 'default'
11:45:10 [thread_id="77"] - (WARN) - [org.springframework.boot.autoconfigure.orm.jpa.JpaBaseConfiguration$JpaWebConfiguration] spring.jpa.open-in-view is enabled by default. Therefore, database queries may be performed during view rendering. Explicitly configure spring.jpa.open-in-view to disable this warning
11:45:10 [thread_id="77"] - (INFO) - [org.springframework.boot.devtools.autoconfigure.OptionalLiveReloadServer] LiveReload server is running on port 35729
11:45:10 [thread_id="77"] - (INFO) - [org.apache.coyote.http11.Http11NioProtocol] Starting ProtocolHandler ["http-nio-8080"]
11:45:10 [thread_id="77"] - (INFO) - [org.springframework.boot.web.embedded.tomcat.TomcatWebServer] Tomcat started on port(s): 8080 (http) with context path ''
11:45:10 [thread_id="77"] - (INFO) - [uy.com.s4b.ManejoErrorApplication] Started ManejoErrorApplication in 0.681 seconds (JVM running for 101.792)
11:45:10 [thread_id="77"] - (INFO) - [org.springframework.boot.devtools.autoconfigure.ConditionEvaluationDeltaLoggingListener] Condition evaluation unchanged
11:45:35 [thread_id="86"] - (INFO) - [org.apache.catalina.core.ContainerBase.[Tomcat].[localhost].[/]] Initializing Spring DispatcherServlet 'dispatcherServlet'
11:45:35 [thread_id="86"] - (INFO) - [org.springframework.web.servlet.DispatcherServlet] Initializing Servlet 'dispatcherServlet'
11:45:35 [thread_id="86"] - (INFO) - [org.springframework.web.servlet.DispatcherServlet] Completed initialization in 1 ms
11:45:45 [thread_id="89"] - (WARN) - [org.springframework.web.servlet.PageNotFound] Request method 'GET' not supported
11:45:45 [thread_id="89"] - (WARN) - [org.springframework.web.servlet.mvc.method.annotation.ExceptionHandlerExceptionResolver] Resolved [org.springframework.web.HttpRequestMethodNotSupportedException: Request method 'GET' not supported]
11:46:46 [thread_id="85"] - (INFO) - [org.springframework.boot.devtools.autoconfigure.LocalDevToolsAutoConfiguration$RestartingClassPathChangeChangedEventListener] Restarting due to 1 class path change (0 additions, 0 deletions, 1 modification)
11:46:46 [thread_id="74"] - (INFO) - [org.apache.coyote.http11.Http11NioProtocol] Pausing ProtocolHandler ["http-nio-8080"]
11:46:46 [thread_id="74"] - (INFO) - [org.apache.catalina.core.StandardService] Stopping service [Tomcat]
11:46:46 [thread_id="74"] - (INFO) - [org.apache.catalina.core.ContainerBase.[Tomcat].[localhost].[/]] Destroying Spring FrameworkServlet 'dispatcherServlet'
11:46:46 [thread_id="74"] - (INFO) - [org.apache.coyote.http11.Http11NioProtocol] Stopping ProtocolHandler ["http-nio-8080"]
11:46:46 [thread_id="74"] - (INFO) - [org.apache.coyote.http11.Http11NioProtocol] Destroying ProtocolHandler ["http-nio-8080"]
11:46:46 [thread_id="74"] - (INFO) - [org.springframework.orm.jpa.LocalContainerEntityManagerFactoryBean] Closing JPA EntityManagerFactory for persistence unit 'default'
11:46:46 [thread_id="74"] - (INFO) - [org.hibernate.tool.schema.internal.SchemaDropperImpl$DelayedDropActionImpl] HHH000477: Starting delayed evictData of schema as part of SessionFactory shut-down'
11:46:47 [thread_id="74"] - (WARN) - [org.springframework.beans.factory.support.DisposableBeanAdapter] Invocation of destroy method failed on bean with name 'inMemoryDatabaseShutdownExecutor': org.h2.jdbc.JdbcSQLNonTransientConnectionException: La base de datos ya esta cerrada (para des-habilitar el cerrado automatico durante el shutdown de la VM, agregue ";DB_CLOSE_ON_EXIT=FALSE" a la URL de conexión)
Database is already closed (to disable automatic closing at VM shutdown, add ";DB_CLOSE_ON_EXIT=FALSE" to the db URL) [90121-214]
11:46:47 [thread_id="74"] - (INFO) - [com.zaxxer.hikari.HikariDataSource] HikariPool-3 - Shutdown initiated...
11:46:47 [thread_id="74"] - (INFO) - [com.zaxxer.hikari.HikariDataSource] HikariPool-3 - Shutdown completed.
11:46:47 [thread_id="101"] - (INFO) - [uy.com.s4b.ManejoErrorApplication] Starting ManejoErrorApplication using Java 11.0.17 on MacBookPro-Alf.local with PID 6235 (/Users/arpela/Documents/proyectosPruebas/Prueba_Errores_REST/target/classes started by arpela in /Users/arpela/Documents/proyectosPruebas/Prueba_Errores_REST)
11:46:47 [thread_id="101"] - (INFO) - [uy.com.s4b.ManejoErrorApplication] No active profile set, falling back to 1 default profile: "default"
11:46:47 [thread_id="101"] - (INFO) - [org.springframework.data.repository.config.RepositoryConfigurationDelegate] Bootstrapping Spring Data JPA repositories in DEFAULT mode.
11:46:47 [thread_id="101"] - (INFO) - [org.springframework.data.repository.config.RepositoryConfigurationDelegate] Finished Spring Data repository scanning in 6 ms. Found 1 JPA repository interfaces.
11:46:47 [thread_id="101"] - (INFO) - [org.springframework.boot.web.embedded.tomcat.TomcatWebServer] Tomcat initialized with port(s): 8080 (http)
11:46:47 [thread_id="101"] - (INFO) - [org.apache.coyote.http11.Http11NioProtocol] Initializing ProtocolHandler ["http-nio-8080"]
11:46:47 [thread_id="101"] - (INFO) - [org.apache.catalina.core.StandardService] Starting service [Tomcat]
11:46:47 [thread_id="101"] - (INFO) - [org.apache.catalina.core.StandardEngine] Starting Servlet engine: [Apache Tomcat/9.0.65]
11:46:47 [thread_id="101"] - (INFO) - [org.apache.catalina.core.ContainerBase.[Tomcat].[localhost].[/]] Initializing Spring embedded WebApplicationContext
11:46:47 [thread_id="101"] - (INFO) - [org.springframework.boot.web.servlet.context.ServletWebServerApplicationContext] Root WebApplicationContext: initialization completed in 260 ms
11:46:47 [thread_id="101"] - (INFO) - [com.zaxxer.hikari.HikariDataSource] HikariPool-4 - Starting...
11:46:47 [thread_id="101"] - (INFO) - [com.zaxxer.hikari.HikariDataSource] HikariPool-4 - Start completed.
11:46:47 [thread_id="101"] - (INFO) - [org.springframework.boot.autoconfigure.h2.H2ConsoleAutoConfiguration] H2 console available at '/h2-console'. Database available at 'jdbc:h2:mem:testdb'
11:46:47 [thread_id="101"] - (INFO) - [org.hibernate.jpa.internal.util.LogHelper] HHH000204: Processing PersistenceUnitInfo [name: default]
11:46:47 [thread_id="101"] - (INFO) - [org.hibernate.dialect.Dialect] HHH000400: Using dialect: org.hibernate.dialect.H2Dialect
11:46:47 [thread_id="101"] - (INFO) - [org.hibernate.engine.transaction.jta.platform.internal.JtaPlatformInitiator] HHH000490: Using JtaPlatform implementation: [org.hibernate.engine.transaction.jta.platform.internal.NoJtaPlatform]
11:46:47 [thread_id="101"] - (INFO) - [org.springframework.orm.jpa.LocalContainerEntityManagerFactoryBean] Initialized JPA EntityManagerFactory for persistence unit 'default'
11:46:47 [thread_id="101"] - (WARN) - [org.springframework.boot.autoconfigure.orm.jpa.JpaBaseConfiguration$JpaWebConfiguration] spring.jpa.open-in-view is enabled by default. Therefore, database queries may be performed during view rendering. Explicitly configure spring.jpa.open-in-view to disable this warning
11:46:48 [thread_id="101"] - (INFO) - [org.springframework.boot.devtools.autoconfigure.OptionalLiveReloadServer] LiveReload server is running on port 35729
11:46:48 [thread_id="101"] - (INFO) - [org.apache.coyote.http11.Http11NioProtocol] Starting ProtocolHandler ["http-nio-8080"]
11:46:48 [thread_id="101"] - (INFO) - [org.springframework.boot.web.embedded.tomcat.TomcatWebServer] Tomcat started on port(s): 8080 (http) with context path ''
11:46:48 [thread_id="101"] - (INFO) - [uy.com.s4b.ManejoErrorApplication] Started ManejoErrorApplication in 0.858 seconds (JVM running for 199.403)
11:46:48 [thread_id="101"] - (INFO) - [org.springframework.boot.devtools.autoconfigure.ConditionEvaluationDeltaLoggingListener] Condition evaluation unchanged
11:46:48 [thread_id="122"] - (INFO) - [org.springframework.boot.admin.SpringApplicationAdminMXBeanRegistrar$SpringApplicationAdmin] Application shutdown requested.
11:46:48 [thread_id="122"] - (INFO) - [org.apache.coyote.http11.Http11NioProtocol] Pausing ProtocolHandler ["http-nio-8080"]
11:46:48 [thread_id="122"] - (INFO) - [org.apache.catalina.core.StandardService] Stopping service [Tomcat]
11:46:48 [thread_id="122"] - (INFO) - [org.apache.coyote.http11.Http11NioProtocol] Stopping ProtocolHandler ["http-nio-8080"]
11:46:48 [thread_id="122"] - (INFO) - [org.apache.coyote.http11.Http11NioProtocol] Destroying ProtocolHandler ["http-nio-8080"]
11:46:48 [thread_id="122"] - (INFO) - [org.springframework.orm.jpa.LocalContainerEntityManagerFactoryBean] Closing JPA EntityManagerFactory for persistence unit 'default'
11:46:48 [thread_id="122"] - (INFO) - [org.hibernate.tool.schema.internal.SchemaDropperImpl$DelayedDropActionImpl] HHH000477: Starting delayed evictData of schema as part of SessionFactory shut-down'
11:46:49 [thread_id="108"] - (ERROR) - [com.zaxxer.hikari.pool.HikariPool] HikariPool-4 - Error thrown while acquiring connection from data source
org.h2.jdbc.JdbcSQLNonTransientConnectionException: La base de datos esta abierta en modo EXCLUSIVO; no puede abrir conexiones adicionales
The database is open in exclusive mode; can not open additional connections [90135-214]
	at org.h2.message.DbException.getJdbcSQLException(DbException.java:678) ~[h2-2.1.214.jar:2.1.214]
	at org.h2.message.DbException.getJdbcSQLException(DbException.java:477) ~[h2-2.1.214.jar:2.1.214]
	at org.h2.message.DbException.get(DbException.java:223) ~[h2-2.1.214.jar:2.1.214]
	at org.h2.message.DbException.get(DbException.java:199) ~[h2-2.1.214.jar:2.1.214]
	at org.h2.message.DbException.get(DbException.java:188) ~[h2-2.1.214.jar:2.1.214]
	at org.h2.engine.SessionLocal.checkSuspended(SessionLocal.java:1240) ~[h2-2.1.214.jar:2.1.214]
	at org.h2.engine.SessionLocal.isOpen(SessionLocal.java:1173) ~[h2-2.1.214.jar:2.1.214]
	at org.h2.engine.SessionLocal.waitIfExclusiveModeEnabled(SessionLocal.java:1486) ~[h2-2.1.214.jar:2.1.214]
	at org.h2.command.Command.executeQuery(Command.java:180) ~[h2-2.1.214.jar:2.1.214]
	at org.h2.jdbc.JdbcConnection.isReadOnly(JdbcConnection.java:538) ~[h2-2.1.214.jar:2.1.214]
	at com.zaxxer.hikari.pool.PoolBase.setupConnection(PoolBase.java:408) ~[HikariCP-4.0.3.jar:?]
	at com.zaxxer.hikari.pool.PoolBase.newConnection(PoolBase.java:369) ~[HikariCP-4.0.3.jar:?]
	at com.zaxxer.hikari.pool.PoolBase.newPoolEntry(PoolBase.java:206) ~[HikariCP-4.0.3.jar:?]
	at com.zaxxer.hikari.pool.HikariPool.createPoolEntry(HikariPool.java:476) ~[HikariCP-4.0.3.jar:?]
	at com.zaxxer.hikari.pool.HikariPool.access$100(HikariPool.java:71) ~[HikariCP-4.0.3.jar:?]
	at com.zaxxer.hikari.pool.HikariPool$PoolEntryCreator.call(HikariPool.java:726) ~[HikariCP-4.0.3.jar:?]
	at com.zaxxer.hikari.pool.HikariPool$PoolEntryCreator.call(HikariPool.java:712) ~[HikariCP-4.0.3.jar:?]
	at java.util.concurrent.FutureTask.run(FutureTask.java:264) ~[?:?]
	at java.util.concurrent.ThreadPoolExecutor.runWorker(ThreadPoolExecutor.java:1128) ~[?:?]
	at java.util.concurrent.ThreadPoolExecutor$Worker.run(ThreadPoolExecutor.java:628) ~[?:?]
	at java.lang.Thread.run(Thread.java:829) ~[?:?]
11:46:49 [thread_id="122"] - (WARN) - [org.springframework.beans.factory.support.DisposableBeanAdapter] Invocation of destroy method failed on bean with name 'inMemoryDatabaseShutdownExecutor': org.h2.jdbc.JdbcSQLNonTransientConnectionException: La base de datos ya esta cerrada (para des-habilitar el cerrado automatico durante el shutdown de la VM, agregue ";DB_CLOSE_ON_EXIT=FALSE" a la URL de conexión)
Database is already closed (to disable automatic closing at VM shutdown, add ";DB_CLOSE_ON_EXIT=FALSE" to the db URL) [90121-214]
11:46:49 [thread_id="122"] - (INFO) - [com.zaxxer.hikari.HikariDataSource] HikariPool-4 - Shutdown initiated...
11:46:49 [thread_id="122"] - (INFO) - [com.zaxxer.hikari.HikariDataSource] HikariPool-4 - Shutdown completed.
11:58:35 [thread_id="25"] - (INFO) - [org.hibernate.validator.internal.util.Version] HV000001: Hibernate Validator 6.2.5.Final
11:58:35 [thread_id="23"] - (INFO) - [uy.com.s4b.ManejoErrorApplication] Starting ManejoErrorApplication using Java 11.0.17 on MacBookPro-Alf.local with PID 6382 (/Users/arpela/Documents/proyectosPruebas/Prueba_Errores_REST/target/classes started by arpela in /Users/arpela/Documents/proyectosPruebas/Prueba_Errores_REST)
11:58:35 [thread_id="23"] - (INFO) - [uy.com.s4b.ManejoErrorApplication] No active profile set, falling back to 1 default profile: "default"
11:58:35 [thread_id="23"] - (INFO) - [org.springframework.boot.devtools.env.DevToolsPropertyDefaultsPostProcessor] Devtools property defaults active! Set 'spring.devtools.add-properties' to 'false' to disable
11:58:35 [thread_id="23"] - (INFO) - [org.springframework.boot.devtools.env.DevToolsPropertyDefaultsPostProcessor] For additional web related logging consider setting the 'logging.level.web' property to 'DEBUG'
11:58:36 [thread_id="23"] - (INFO) - [org.springframework.data.repository.config.RepositoryConfigurationDelegate] Bootstrapping Spring Data JPA repositories in DEFAULT mode.
11:58:36 [thread_id="23"] - (INFO) - [org.springframework.data.repository.config.RepositoryConfigurationDelegate] Finished Spring Data repository scanning in 51 ms. Found 1 JPA repository interfaces.
11:58:37 [thread_id="23"] - (INFO) - [org.springframework.boot.web.embedded.tomcat.TomcatWebServer] Tomcat initialized with port(s): 8080 (http)
11:58:37 [thread_id="23"] - (INFO) - [org.apache.coyote.http11.Http11NioProtocol] Initializing ProtocolHandler ["http-nio-8080"]
11:58:37 [thread_id="23"] - (INFO) - [org.apache.catalina.core.StandardService] Starting service [Tomcat]
11:58:37 [thread_id="23"] - (INFO) - [org.apache.catalina.core.StandardEngine] Starting Servlet engine: [Apache Tomcat/9.0.65]
11:58:37 [thread_id="23"] - (INFO) - [org.apache.catalina.core.ContainerBase.[Tomcat].[localhost].[/]] Initializing Spring embedded WebApplicationContext
11:58:37 [thread_id="23"] - (INFO) - [org.springframework.boot.web.servlet.context.ServletWebServerApplicationContext] Root WebApplicationContext: initialization completed in 1488 ms
11:58:37 [thread_id="23"] - (INFO) - [com.zaxxer.hikari.HikariDataSource] HikariPool-1 - Starting...
11:58:37 [thread_id="23"] - (INFO) - [com.zaxxer.hikari.HikariDataSource] HikariPool-1 - Start completed.
11:58:37 [thread_id="23"] - (INFO) - [org.springframework.boot.autoconfigure.h2.H2ConsoleAutoConfiguration] H2 console available at '/h2-console'. Database available at 'jdbc:h2:mem:testdb'
11:58:37 [thread_id="23"] - (INFO) - [org.hibernate.jpa.internal.util.LogHelper] HHH000204: Processing PersistenceUnitInfo [name: default]
11:58:37 [thread_id="23"] - (INFO) - [org.hibernate.Version] HHH000412: Hibernate ORM core version 5.6.11.Final
11:58:37 [thread_id="23"] - (INFO) - [org.hibernate.annotations.common.Version] HCANN000001: Hibernate Commons Annotations {5.1.2.Final}
11:58:37 [thread_id="23"] - (INFO) - [org.hibernate.dialect.Dialect] HHH000400: Using dialect: org.hibernate.dialect.H2Dialect
11:58:38 [thread_id="23"] - (INFO) - [org.hibernate.engine.transaction.jta.platform.internal.JtaPlatformInitiator] HHH000490: Using JtaPlatform implementation: [org.hibernate.engine.transaction.jta.platform.internal.NoJtaPlatform]
11:58:38 [thread_id="23"] - (INFO) - [org.springframework.orm.jpa.LocalContainerEntityManagerFactoryBean] Initialized JPA EntityManagerFactory for persistence unit 'default'
11:58:38 [thread_id="23"] - (WARN) - [org.springframework.boot.autoconfigure.orm.jpa.JpaBaseConfiguration$JpaWebConfiguration] spring.jpa.open-in-view is enabled by default. Therefore, database queries may be performed during view rendering. Explicitly configure spring.jpa.open-in-view to disable this warning
11:58:39 [thread_id="23"] - (INFO) - [org.springframework.boot.devtools.autoconfigure.OptionalLiveReloadServer] LiveReload server is running on port 35729
11:58:39 [thread_id="23"] - (INFO) - [org.apache.coyote.http11.Http11NioProtocol] Starting ProtocolHandler ["http-nio-8080"]
11:58:39 [thread_id="23"] - (INFO) - [org.springframework.boot.web.embedded.tomcat.TomcatWebServer] Tomcat started on port(s): 8080 (http) with context path ''
11:58:39 [thread_id="23"] - (INFO) - [uy.com.s4b.ManejoErrorApplication] Started ManejoErrorApplication in 3.726 seconds (JVM running for 5.04)
12:00:16 [thread_id="37"] - (INFO) - [org.apache.catalina.core.ContainerBase.[Tomcat].[localhost].[/]] Initializing Spring DispatcherServlet 'dispatcherServlet'
12:00:16 [thread_id="37"] - (INFO) - [org.springframework.web.servlet.DispatcherServlet] Initializing Servlet 'dispatcherServlet'
12:00:16 [thread_id="37"] - (INFO) - [org.springframework.web.servlet.DispatcherServlet] Completed initialization in 2 ms
12:00:39 [thread_id="40"] - (INFO) - [uy.com.s4b.controller.api.impl.RestControlerAPIControler] ############################## 
12:00:39 [thread_id="40"] - (INFO) - [uy.com.s4b.controller.api.impl.RestControlerAPIControler] Dato recibido: 
12:00:39 [thread_id="40"] - (INFO) - [uy.com.s4b.controller.api.impl.RestControlerAPIControler] EmployeeVO[email=alfre@s4b.com.uy,employeeId=1,firstName=Alfredo,lastName=Rodriguez]
12:00:39 [thread_id="40"] - (INFO) - [uy.com.s4b.controller.api.impl.RestControlerAPIControler] ############################## 
12:03:30 [thread_id="43"] - (INFO) - [uy.com.s4b.controller.api.impl.RestControlerAPIControler] ############################## 
12:03:30 [thread_id="43"] - (INFO) - [uy.com.s4b.controller.api.impl.RestControlerAPIControler] Dato recibido: 
12:03:30 [thread_id="43"] - (INFO) - [uy.com.s4b.controller.api.impl.RestControlerAPIControler] EmployeeVO[email=info@antel.com.uy,employeeId=2,firstName=ANTEL,lastName=Antel]
12:03:30 [thread_id="43"] - (INFO) - [uy.com.s4b.controller.api.impl.RestControlerAPIControler] ############################## 
12:04:32 [thread_id="37"] - (WARN) - [org.springframework.web.servlet.mvc.method.annotation.ExceptionHandlerExceptionResolver] Resolved [org.springframework.web.bind.MethodArgumentNotValidException: Validation failed for argument [0] in public org.springframework.http.ResponseEntity<uy.com.s4b.vo.EmployeeVO> uy.com.s4b.controller.api.impl.RestControlerAPIControler.addEmployee(uy.com.s4b.vo.EmployeeVO): [Field error in object 'employeeVO' on field 'email': rejected value [infoantel.com.uy]; codes [Email.employeeVO.email,Email.email,Email.java.lang.String,Email]; arguments [org.springframework.context.support.DefaultMessageSourceResolvable: codes [employeeVO.email,email]; arguments []; default message [email],[Ljavax.validation.constraints.Pattern$Flag;@9d368fc,.*]; default message [email no esta valido]] ]
12:05:41 [thread_id="34"] - (INFO) - [org.springframework.boot.devtools.autoconfigure.LocalDevToolsAutoConfiguration$RestartingClassPathChangeChangedEventListener] Restarting due to 1 class path change (0 additions, 0 deletions, 1 modification)
12:05:41 [thread_id="35"] - (INFO) - [org.apache.coyote.http11.Http11NioProtocol] Pausing ProtocolHandler ["http-nio-8080"]
12:05:41 [thread_id="35"] - (INFO) - [org.apache.catalina.core.StandardService] Stopping service [Tomcat]
12:05:41 [thread_id="35"] - (INFO) - [org.apache.catalina.core.ContainerBase.[Tomcat].[localhost].[/]] Destroying Spring FrameworkServlet 'dispatcherServlet'
12:05:41 [thread_id="35"] - (INFO) - [org.apache.coyote.http11.Http11NioProtocol] Stopping ProtocolHandler ["http-nio-8080"]
12:05:41 [thread_id="35"] - (INFO) - [org.apache.coyote.http11.Http11NioProtocol] Destroying ProtocolHandler ["http-nio-8080"]
12:05:41 [thread_id="35"] - (INFO) - [org.springframework.orm.jpa.LocalContainerEntityManagerFactoryBean] Closing JPA EntityManagerFactory for persistence unit 'default'
12:05:41 [thread_id="35"] - (INFO) - [org.hibernate.tool.schema.internal.SchemaDropperImpl$DelayedDropActionImpl] HHH000477: Starting delayed evictData of schema as part of SessionFactory shut-down'
12:05:41 [thread_id="35"] - (WARN) - [org.springframework.beans.factory.support.DisposableBeanAdapter] Invocation of destroy method failed on bean with name 'inMemoryDatabaseShutdownExecutor': org.h2.jdbc.JdbcSQLNonTransientConnectionException: La base de datos ya esta cerrada (para des-habilitar el cerrado automatico durante el shutdown de la VM, agregue ";DB_CLOSE_ON_EXIT=FALSE" a la URL de conexión)
Database is already closed (to disable automatic closing at VM shutdown, add ";DB_CLOSE_ON_EXIT=FALSE" to the db URL) [90121-214]
12:05:41 [thread_id="35"] - (INFO) - [com.zaxxer.hikari.HikariDataSource] HikariPool-1 - Shutdown initiated...
12:05:41 [thread_id="35"] - (INFO) - [com.zaxxer.hikari.HikariDataSource] HikariPool-1 - Shutdown completed.
12:05:41 [thread_id="53"] - (INFO) - [uy.com.s4b.ManejoErrorApplication] Starting ManejoErrorApplication using Java 11.0.17 on MacBookPro-Alf.local with PID 6382 (/Users/arpela/Documents/proyectosPruebas/Prueba_Errores_REST/target/classes started by arpela in /Users/arpela/Documents/proyectosPruebas/Prueba_Errores_REST)
12:05:41 [thread_id="53"] - (INFO) - [uy.com.s4b.ManejoErrorApplication] No active profile set, falling back to 1 default profile: "default"
12:05:41 [thread_id="53"] - (INFO) - [org.springframework.data.repository.config.RepositoryConfigurationDelegate] Bootstrapping Spring Data JPA repositories in DEFAULT mode.
12:05:41 [thread_id="53"] - (INFO) - [org.springframework.data.repository.config.RepositoryConfigurationDelegate] Finished Spring Data repository scanning in 11 ms. Found 1 JPA repository interfaces.
12:05:42 [thread_id="53"] - (INFO) - [org.springframework.boot.web.embedded.tomcat.TomcatWebServer] Tomcat initialized with port(s): 8080 (http)
12:05:42 [thread_id="53"] - (INFO) - [org.apache.coyote.http11.Http11NioProtocol] Initializing ProtocolHandler ["http-nio-8080"]
12:05:42 [thread_id="53"] - (INFO) - [org.apache.catalina.core.StandardService] Starting service [Tomcat]
12:05:42 [thread_id="53"] - (INFO) - [org.apache.catalina.core.StandardEngine] Starting Servlet engine: [Apache Tomcat/9.0.65]
12:05:42 [thread_id="53"] - (INFO) - [org.apache.catalina.core.ContainerBase.[Tomcat].[localhost].[/]] Initializing Spring embedded WebApplicationContext
12:05:42 [thread_id="53"] - (INFO) - [org.springframework.boot.web.servlet.context.ServletWebServerApplicationContext] Root WebApplicationContext: initialization completed in 346 ms
12:05:42 [thread_id="53"] - (INFO) - [com.zaxxer.hikari.HikariDataSource] HikariPool-2 - Starting...
12:05:42 [thread_id="53"] - (INFO) - [com.zaxxer.hikari.HikariDataSource] HikariPool-2 - Start completed.
12:05:42 [thread_id="53"] - (INFO) - [org.springframework.boot.autoconfigure.h2.H2ConsoleAutoConfiguration] H2 console available at '/h2-console'. Database available at 'jdbc:h2:mem:testdb'
12:05:42 [thread_id="53"] - (INFO) - [org.hibernate.jpa.internal.util.LogHelper] HHH000204: Processing PersistenceUnitInfo [name: default]
12:05:42 [thread_id="53"] - (INFO) - [org.hibernate.dialect.Dialect] HHH000400: Using dialect: org.hibernate.dialect.H2Dialect
12:05:42 [thread_id="53"] - (INFO) - [org.hibernate.engine.transaction.jta.platform.internal.JtaPlatformInitiator] HHH000490: Using JtaPlatform implementation: [org.hibernate.engine.transaction.jta.platform.internal.NoJtaPlatform]
12:05:42 [thread_id="53"] - (INFO) - [org.springframework.orm.jpa.LocalContainerEntityManagerFactoryBean] Initialized JPA EntityManagerFactory for persistence unit 'default'
12:05:42 [thread_id="53"] - (WARN) - [org.springframework.boot.autoconfigure.orm.jpa.JpaBaseConfiguration$JpaWebConfiguration] spring.jpa.open-in-view is enabled by default. Therefore, database queries may be performed during view rendering. Explicitly configure spring.jpa.open-in-view to disable this warning
12:05:42 [thread_id="53"] - (INFO) - [org.springframework.boot.devtools.autoconfigure.OptionalLiveReloadServer] LiveReload server is running on port 35729
12:05:42 [thread_id="53"] - (INFO) - [org.apache.coyote.http11.Http11NioProtocol] Starting ProtocolHandler ["http-nio-8080"]
12:05:42 [thread_id="53"] - (INFO) - [org.springframework.boot.web.embedded.tomcat.TomcatWebServer] Tomcat started on port(s): 8080 (http) with context path ''
12:05:42 [thread_id="53"] - (INFO) - [uy.com.s4b.ManejoErrorApplication] Started ManejoErrorApplication in 0.956 seconds (JVM running for 428.37)
12:05:42 [thread_id="53"] - (INFO) - [org.springframework.boot.devtools.autoconfigure.ConditionEvaluationDeltaLoggingListener] Condition evaluation unchanged
12:05:47 [thread_id="62"] - (INFO) - [org.apache.catalina.core.ContainerBase.[Tomcat].[localhost].[/]] Initializing Spring DispatcherServlet 'dispatcherServlet'
12:05:47 [thread_id="62"] - (INFO) - [org.springframework.web.servlet.DispatcherServlet] Initializing Servlet 'dispatcherServlet'
12:05:47 [thread_id="62"] - (INFO) - [org.springframework.web.servlet.DispatcherServlet] Completed initialization in 4 ms
12:05:47 [thread_id="62"] - (WARN) - [org.springframework.web.servlet.mvc.method.annotation.ExceptionHandlerExceptionResolver] Resolved [org.springframework.web.bind.MethodArgumentNotValidException: Validation failed for argument [0] in public org.springframework.http.ResponseEntity<uy.com.s4b.vo.EmployeeVO> uy.com.s4b.controller.api.impl.RestControlerAPIControler.addEmployee(uy.com.s4b.vo.EmployeeVO): [Field error in object 'employeeVO' on field 'email': rejected value [infoantel.com.uy]; codes [Email.employeeVO.email,Email.email,Email.java.lang.String,Email]; arguments [org.springframework.context.support.DefaultMessageSourceResolvable: codes [employeeVO.email,email]; arguments []; default message [email],[Ljavax.validation.constraints.Pattern$Flag;@9d368fc,.*]; default message [email no esta valido]] ]
12:07:31 [thread_id="61"] - (INFO) - [org.springframework.boot.devtools.autoconfigure.LocalDevToolsAutoConfiguration$RestartingClassPathChangeChangedEventListener] Restarting due to 2 class path changes (0 additions, 0 deletions, 2 modifications)
12:07:31 [thread_id="50"] - (INFO) - [org.apache.coyote.http11.Http11NioProtocol] Pausing ProtocolHandler ["http-nio-8080"]
12:07:31 [thread_id="50"] - (INFO) - [org.apache.catalina.core.StandardService] Stopping service [Tomcat]
12:07:31 [thread_id="50"] - (INFO) - [org.apache.catalina.core.ContainerBase.[Tomcat].[localhost].[/]] Destroying Spring FrameworkServlet 'dispatcherServlet'
12:07:31 [thread_id="50"] - (INFO) - [org.apache.coyote.http11.Http11NioProtocol] Stopping ProtocolHandler ["http-nio-8080"]
12:07:31 [thread_id="50"] - (INFO) - [org.apache.coyote.http11.Http11NioProtocol] Destroying ProtocolHandler ["http-nio-8080"]
12:07:31 [thread_id="50"] - (INFO) - [org.springframework.orm.jpa.LocalContainerEntityManagerFactoryBean] Closing JPA EntityManagerFactory for persistence unit 'default'
12:07:31 [thread_id="50"] - (INFO) - [org.hibernate.tool.schema.internal.SchemaDropperImpl$DelayedDropActionImpl] HHH000477: Starting delayed evictData of schema as part of SessionFactory shut-down'
12:07:32 [thread_id="50"] - (WARN) - [org.springframework.beans.factory.support.DisposableBeanAdapter] Invocation of destroy method failed on bean with name 'inMemoryDatabaseShutdownExecutor': org.h2.jdbc.JdbcSQLNonTransientConnectionException: La base de datos ya esta cerrada (para des-habilitar el cerrado automatico durante el shutdown de la VM, agregue ";DB_CLOSE_ON_EXIT=FALSE" a la URL de conexión)
Database is already closed (to disable automatic closing at VM shutdown, add ";DB_CLOSE_ON_EXIT=FALSE" to the db URL) [90121-214]
12:07:32 [thread_id="50"] - (INFO) - [com.zaxxer.hikari.HikariDataSource] HikariPool-2 - Shutdown initiated...
12:07:32 [thread_id="50"] - (INFO) - [com.zaxxer.hikari.HikariDataSource] HikariPool-2 - Shutdown completed.
12:07:32 [thread_id="77"] - (INFO) - [uy.com.s4b.ManejoErrorApplication] Starting ManejoErrorApplication using Java 11.0.17 on MacBookPro-Alf.local with PID 6382 (/Users/arpela/Documents/proyectosPruebas/Prueba_Errores_REST/target/classes started by arpela in /Users/arpela/Documents/proyectosPruebas/Prueba_Errores_REST)
12:07:32 [thread_id="77"] - (INFO) - [uy.com.s4b.ManejoErrorApplication] No active profile set, falling back to 1 default profile: "default"
12:07:32 [thread_id="77"] - (INFO) - [org.springframework.data.repository.config.RepositoryConfigurationDelegate] Bootstrapping Spring Data JPA repositories in DEFAULT mode.
12:07:32 [thread_id="77"] - (INFO) - [org.springframework.data.repository.config.RepositoryConfigurationDelegate] Finished Spring Data repository scanning in 8 ms. Found 1 JPA repository interfaces.
12:07:32 [thread_id="77"] - (INFO) - [org.springframework.boot.web.embedded.tomcat.TomcatWebServer] Tomcat initialized with port(s): 8080 (http)
12:07:32 [thread_id="77"] - (INFO) - [org.apache.coyote.http11.Http11NioProtocol] Initializing ProtocolHandler ["http-nio-8080"]
12:07:32 [thread_id="77"] - (INFO) - [org.apache.catalina.core.StandardService] Starting service [Tomcat]
12:07:32 [thread_id="77"] - (INFO) - [org.apache.catalina.core.StandardEngine] Starting Servlet engine: [Apache Tomcat/9.0.65]
12:07:32 [thread_id="77"] - (INFO) - [org.apache.catalina.core.ContainerBase.[Tomcat].[localhost].[/]] Initializing Spring embedded WebApplicationContext
12:07:32 [thread_id="77"] - (INFO) - [org.springframework.boot.web.servlet.context.ServletWebServerApplicationContext] Root WebApplicationContext: initialization completed in 307 ms
12:07:32 [thread_id="77"] - (INFO) - [com.zaxxer.hikari.HikariDataSource] HikariPool-3 - Starting...
12:07:32 [thread_id="77"] - (INFO) - [com.zaxxer.hikari.HikariDataSource] HikariPool-3 - Start completed.
12:07:32 [thread_id="77"] - (INFO) - [org.springframework.boot.autoconfigure.h2.H2ConsoleAutoConfiguration] H2 console available at '/h2-console'. Database available at 'jdbc:h2:mem:testdb'
12:07:32 [thread_id="77"] - (INFO) - [org.hibernate.jpa.internal.util.LogHelper] HHH000204: Processing PersistenceUnitInfo [name: default]
12:07:32 [thread_id="77"] - (INFO) - [org.hibernate.dialect.Dialect] HHH000400: Using dialect: org.hibernate.dialect.H2Dialect
12:07:32 [thread_id="77"] - (INFO) - [org.hibernate.engine.transaction.jta.platform.internal.JtaPlatformInitiator] HHH000490: Using JtaPlatform implementation: [org.hibernate.engine.transaction.jta.platform.internal.NoJtaPlatform]
12:07:32 [thread_id="77"] - (INFO) - [org.springframework.orm.jpa.LocalContainerEntityManagerFactoryBean] Initialized JPA EntityManagerFactory for persistence unit 'default'
12:07:32 [thread_id="77"] - (WARN) - [org.springframework.boot.autoconfigure.orm.jpa.JpaBaseConfiguration$JpaWebConfiguration] spring.jpa.open-in-view is enabled by default. Therefore, database queries may be performed during view rendering. Explicitly configure spring.jpa.open-in-view to disable this warning
12:07:32 [thread_id="77"] - (INFO) - [org.springframework.boot.devtools.autoconfigure.OptionalLiveReloadServer] LiveReload server is running on port 35729
12:07:32 [thread_id="77"] - (INFO) - [org.apache.coyote.http11.Http11NioProtocol] Starting ProtocolHandler ["http-nio-8080"]
12:07:32 [thread_id="77"] - (INFO) - [org.springframework.boot.web.embedded.tomcat.TomcatWebServer] Tomcat started on port(s): 8080 (http) with context path ''
12:07:32 [thread_id="77"] - (INFO) - [uy.com.s4b.ManejoErrorApplication] Started ManejoErrorApplication in 0.678 seconds (JVM running for 538.961)
12:07:32 [thread_id="77"] - (INFO) - [org.springframework.boot.devtools.autoconfigure.ConditionEvaluationDeltaLoggingListener] Condition evaluation unchanged
12:09:01 [thread_id="85"] - (INFO) - [org.springframework.boot.devtools.autoconfigure.LocalDevToolsAutoConfiguration$RestartingClassPathChangeChangedEventListener] Restarting due to 2 class path changes (0 additions, 0 deletions, 2 modifications)
12:09:01 [thread_id="74"] - (INFO) - [org.apache.coyote.http11.Http11NioProtocol] Pausing ProtocolHandler ["http-nio-8080"]
12:09:01 [thread_id="74"] - (INFO) - [org.apache.catalina.core.StandardService] Stopping service [Tomcat]
12:09:01 [thread_id="74"] - (INFO) - [org.apache.coyote.http11.Http11NioProtocol] Stopping ProtocolHandler ["http-nio-8080"]
12:09:01 [thread_id="74"] - (INFO) - [org.apache.coyote.http11.Http11NioProtocol] Destroying ProtocolHandler ["http-nio-8080"]
12:09:01 [thread_id="74"] - (INFO) - [org.springframework.orm.jpa.LocalContainerEntityManagerFactoryBean] Closing JPA EntityManagerFactory for persistence unit 'default'
12:09:01 [thread_id="74"] - (INFO) - [org.hibernate.tool.schema.internal.SchemaDropperImpl$DelayedDropActionImpl] HHH000477: Starting delayed evictData of schema as part of SessionFactory shut-down'
12:09:01 [thread_id="74"] - (WARN) - [org.springframework.beans.factory.support.DisposableBeanAdapter] Invocation of destroy method failed on bean with name 'inMemoryDatabaseShutdownExecutor': org.h2.jdbc.JdbcSQLNonTransientConnectionException: La base de datos ya esta cerrada (para des-habilitar el cerrado automatico durante el shutdown de la VM, agregue ";DB_CLOSE_ON_EXIT=FALSE" a la URL de conexión)
Database is already closed (to disable automatic closing at VM shutdown, add ";DB_CLOSE_ON_EXIT=FALSE" to the db URL) [90121-214]
12:09:01 [thread_id="74"] - (INFO) - [com.zaxxer.hikari.HikariDataSource] HikariPool-3 - Shutdown initiated...
12:09:01 [thread_id="74"] - (INFO) - [com.zaxxer.hikari.HikariDataSource] HikariPool-3 - Shutdown completed.
12:09:02 [thread_id="101"] - (INFO) - [uy.com.s4b.ManejoErrorApplication] Starting ManejoErrorApplication using Java 11.0.17 on MacBookPro-Alf.local with PID 6382 (/Users/arpela/Documents/proyectosPruebas/Prueba_Errores_REST/target/classes started by arpela in /Users/arpela/Documents/proyectosPruebas/Prueba_Errores_REST)
12:09:02 [thread_id="101"] - (INFO) - [uy.com.s4b.ManejoErrorApplication] No active profile set, falling back to 1 default profile: "default"
12:09:02 [thread_id="101"] - (INFO) - [org.springframework.data.repository.config.RepositoryConfigurationDelegate] Bootstrapping Spring Data JPA repositories in DEFAULT mode.
12:09:02 [thread_id="101"] - (INFO) - [org.springframework.data.repository.config.RepositoryConfigurationDelegate] Finished Spring Data repository scanning in 7 ms. Found 1 JPA repository interfaces.
12:09:02 [thread_id="101"] - (INFO) - [org.springframework.boot.web.embedded.tomcat.TomcatWebServer] Tomcat initialized with port(s): 8080 (http)
12:09:02 [thread_id="101"] - (INFO) - [org.apache.coyote.http11.Http11NioProtocol] Initializing ProtocolHandler ["http-nio-8080"]
12:09:02 [thread_id="101"] - (INFO) - [org.apache.catalina.core.StandardService] Starting service [Tomcat]
12:09:02 [thread_id="101"] - (INFO) - [org.apache.catalina.core.StandardEngine] Starting Servlet engine: [Apache Tomcat/9.0.65]
12:09:02 [thread_id="101"] - (INFO) - [org.apache.catalina.core.ContainerBase.[Tomcat].[localhost].[/]] Initializing Spring embedded WebApplicationContext
12:09:02 [thread_id="101"] - (INFO) - [org.springframework.boot.web.servlet.context.ServletWebServerApplicationContext] Root WebApplicationContext: initialization completed in 258 ms
12:09:02 [thread_id="101"] - (INFO) - [com.zaxxer.hikari.HikariDataSource] HikariPool-4 - Starting...
12:09:02 [thread_id="101"] - (INFO) - [com.zaxxer.hikari.HikariDataSource] HikariPool-4 - Start completed.
12:09:02 [thread_id="101"] - (INFO) - [org.springframework.boot.autoconfigure.h2.H2ConsoleAutoConfiguration] H2 console available at '/h2-console'. Database available at 'jdbc:h2:mem:testdb'
12:09:02 [thread_id="101"] - (INFO) - [org.hibernate.jpa.internal.util.LogHelper] HHH000204: Processing PersistenceUnitInfo [name: default]
12:09:02 [thread_id="101"] - (INFO) - [org.hibernate.dialect.Dialect] HHH000400: Using dialect: org.hibernate.dialect.H2Dialect
12:09:02 [thread_id="101"] - (INFO) - [org.hibernate.engine.transaction.jta.platform.internal.JtaPlatformInitiator] HHH000490: Using JtaPlatform implementation: [org.hibernate.engine.transaction.jta.platform.internal.NoJtaPlatform]
12:09:02 [thread_id="101"] - (INFO) - [org.springframework.orm.jpa.LocalContainerEntityManagerFactoryBean] Initialized JPA EntityManagerFactory for persistence unit 'default'
12:09:02 [thread_id="101"] - (WARN) - [org.springframework.boot.autoconfigure.orm.jpa.JpaBaseConfiguration$JpaWebConfiguration] spring.jpa.open-in-view is enabled by default. Therefore, database queries may be performed during view rendering. Explicitly configure spring.jpa.open-in-view to disable this warning
12:09:02 [thread_id="101"] - (INFO) - [org.springframework.boot.devtools.autoconfigure.OptionalLiveReloadServer] LiveReload server is running on port 35729
12:09:02 [thread_id="101"] - (INFO) - [org.apache.coyote.http11.Http11NioProtocol] Starting ProtocolHandler ["http-nio-8080"]
12:09:02 [thread_id="101"] - (INFO) - [org.springframework.boot.web.embedded.tomcat.TomcatWebServer] Tomcat started on port(s): 8080 (http) with context path ''
12:09:02 [thread_id="101"] - (INFO) - [uy.com.s4b.ManejoErrorApplication] Started ManejoErrorApplication in 0.839 seconds (JVM running for 628.493)
12:09:02 [thread_id="101"] - (INFO) - [org.springframework.boot.devtools.autoconfigure.ConditionEvaluationDeltaLoggingListener] Condition evaluation unchanged
12:09:10 [thread_id="122"] - (INFO) - [org.springframework.boot.admin.SpringApplicationAdminMXBeanRegistrar$SpringApplicationAdmin] Application shutdown requested.
12:09:10 [thread_id="122"] - (INFO) - [org.apache.coyote.http11.Http11NioProtocol] Pausing ProtocolHandler ["http-nio-8080"]
12:09:10 [thread_id="122"] - (INFO) - [org.apache.catalina.core.StandardService] Stopping service [Tomcat]
12:09:10 [thread_id="122"] - (INFO) - [org.apache.coyote.http11.Http11NioProtocol] Stopping ProtocolHandler ["http-nio-8080"]
12:09:10 [thread_id="122"] - (INFO) - [org.apache.coyote.http11.Http11NioProtocol] Destroying ProtocolHandler ["http-nio-8080"]
12:09:10 [thread_id="122"] - (INFO) - [org.springframework.orm.jpa.LocalContainerEntityManagerFactoryBean] Closing JPA EntityManagerFactory for persistence unit 'default'
12:09:10 [thread_id="122"] - (INFO) - [org.hibernate.tool.schema.internal.SchemaDropperImpl$DelayedDropActionImpl] HHH000477: Starting delayed evictData of schema as part of SessionFactory shut-down'
12:09:10 [thread_id="122"] - (WARN) - [org.springframework.beans.factory.support.DisposableBeanAdapter] Invocation of destroy method failed on bean with name 'inMemoryDatabaseShutdownExecutor': org.h2.jdbc.JdbcSQLNonTransientConnectionException: La base de datos ya esta cerrada (para des-habilitar el cerrado automatico durante el shutdown de la VM, agregue ";DB_CLOSE_ON_EXIT=FALSE" a la URL de conexión)
Database is already closed (to disable automatic closing at VM shutdown, add ";DB_CLOSE_ON_EXIT=FALSE" to the db URL) [90121-214]
12:09:10 [thread_id="122"] - (INFO) - [com.zaxxer.hikari.HikariDataSource] HikariPool-4 - Shutdown initiated...
12:09:10 [thread_id="122"] - (INFO) - [com.zaxxer.hikari.HikariDataSource] HikariPool-4 - Shutdown completed.
12:16:33 [thread_id="25"] - (INFO) - [org.hibernate.validator.internal.util.Version] HV000001: Hibernate Validator 6.2.5.Final
12:16:33 [thread_id="23"] - (INFO) - [uy.com.s4b.ManejoErrorApplication] Starting ManejoErrorApplication using Java 11.0.17 on MacBookPro-Alf.local with PID 6556 (/Users/arpela/Documents/proyectosPruebas/Prueba_Errores_REST/target/classes started by arpela in /Users/arpela/Documents/proyectosPruebas/Prueba_Errores_REST)
12:16:33 [thread_id="23"] - (INFO) - [uy.com.s4b.ManejoErrorApplication] No active profile set, falling back to 1 default profile: "default"
12:16:33 [thread_id="23"] - (INFO) - [org.springframework.boot.devtools.env.DevToolsPropertyDefaultsPostProcessor] Devtools property defaults active! Set 'spring.devtools.add-properties' to 'false' to disable
12:16:33 [thread_id="23"] - (INFO) - [org.springframework.boot.devtools.env.DevToolsPropertyDefaultsPostProcessor] For additional web related logging consider setting the 'logging.level.web' property to 'DEBUG'
12:16:34 [thread_id="23"] - (INFO) - [org.springframework.data.repository.config.RepositoryConfigurationDelegate] Bootstrapping Spring Data JPA repositories in DEFAULT mode.
12:16:34 [thread_id="23"] - (INFO) - [org.springframework.data.repository.config.RepositoryConfigurationDelegate] Finished Spring Data repository scanning in 45 ms. Found 1 JPA repository interfaces.
12:16:34 [thread_id="23"] - (INFO) - [org.springframework.boot.web.embedded.tomcat.TomcatWebServer] Tomcat initialized with port(s): 8080 (http)
12:16:34 [thread_id="23"] - (INFO) - [org.apache.coyote.http11.Http11NioProtocol] Initializing ProtocolHandler ["http-nio-8080"]
12:16:34 [thread_id="23"] - (INFO) - [org.apache.catalina.core.StandardService] Starting service [Tomcat]
12:16:34 [thread_id="23"] - (INFO) - [org.apache.catalina.core.StandardEngine] Starting Servlet engine: [Apache Tomcat/9.0.65]
12:16:34 [thread_id="23"] - (INFO) - [org.apache.catalina.core.ContainerBase.[Tomcat].[localhost].[/]] Initializing Spring embedded WebApplicationContext
12:16:34 [thread_id="23"] - (INFO) - [org.springframework.boot.web.servlet.context.ServletWebServerApplicationContext] Root WebApplicationContext: initialization completed in 1443 ms
12:16:34 [thread_id="23"] - (INFO) - [com.zaxxer.hikari.HikariDataSource] HikariPool-1 - Starting...
12:16:34 [thread_id="23"] - (INFO) - [com.zaxxer.hikari.HikariDataSource] HikariPool-1 - Start completed.
12:16:35 [thread_id="23"] - (INFO) - [org.springframework.boot.autoconfigure.h2.H2ConsoleAutoConfiguration] H2 console available at '/h2-console'. Database available at 'jdbc:h2:mem:testdb'
12:16:35 [thread_id="23"] - (INFO) - [org.hibernate.jpa.internal.util.LogHelper] HHH000204: Processing PersistenceUnitInfo [name: default]
12:16:35 [thread_id="23"] - (INFO) - [org.hibernate.Version] HHH000412: Hibernate ORM core version 5.6.11.Final
12:16:35 [thread_id="23"] - (INFO) - [org.hibernate.annotations.common.Version] HCANN000001: Hibernate Commons Annotations {5.1.2.Final}
12:16:35 [thread_id="23"] - (INFO) - [org.hibernate.dialect.Dialect] HHH000400: Using dialect: org.hibernate.dialect.H2Dialect
12:16:35 [thread_id="23"] - (INFO) - [org.hibernate.engine.transaction.jta.platform.internal.JtaPlatformInitiator] HHH000490: Using JtaPlatform implementation: [org.hibernate.engine.transaction.jta.platform.internal.NoJtaPlatform]
12:16:35 [thread_id="23"] - (INFO) - [org.springframework.orm.jpa.LocalContainerEntityManagerFactoryBean] Initialized JPA EntityManagerFactory for persistence unit 'default'
12:16:36 [thread_id="23"] - (WARN) - [org.springframework.boot.autoconfigure.orm.jpa.JpaBaseConfiguration$JpaWebConfiguration] spring.jpa.open-in-view is enabled by default. Therefore, database queries may be performed during view rendering. Explicitly configure spring.jpa.open-in-view to disable this warning
12:16:36 [thread_id="23"] - (INFO) - [org.springframework.boot.devtools.autoconfigure.OptionalLiveReloadServer] LiveReload server is running on port 35729
12:16:36 [thread_id="23"] - (INFO) - [org.apache.coyote.http11.Http11NioProtocol] Starting ProtocolHandler ["http-nio-8080"]
12:16:36 [thread_id="23"] - (INFO) - [org.springframework.boot.web.embedded.tomcat.TomcatWebServer] Tomcat started on port(s): 8080 (http) with context path ''
12:16:36 [thread_id="23"] - (INFO) - [uy.com.s4b.ManejoErrorApplication] Started ManejoErrorApplication in 3.67 seconds (JVM running for 4.993)
12:16:46 [thread_id="34"] - (INFO) - [org.springframework.boot.devtools.autoconfigure.LocalDevToolsAutoConfiguration$RestartingClassPathChangeChangedEventListener] Restarting due to 1 class path change (0 additions, 0 deletions, 1 modification)
12:16:46 [thread_id="35"] - (INFO) - [org.apache.coyote.http11.Http11NioProtocol] Pausing ProtocolHandler ["http-nio-8080"]
12:16:46 [thread_id="35"] - (INFO) - [org.apache.catalina.core.StandardService] Stopping service [Tomcat]
12:16:46 [thread_id="35"] - (INFO) - [org.apache.coyote.http11.Http11NioProtocol] Stopping ProtocolHandler ["http-nio-8080"]
12:16:46 [thread_id="35"] - (INFO) - [org.apache.coyote.http11.Http11NioProtocol] Destroying ProtocolHandler ["http-nio-8080"]
12:16:46 [thread_id="35"] - (INFO) - [org.springframework.orm.jpa.LocalContainerEntityManagerFactoryBean] Closing JPA EntityManagerFactory for persistence unit 'default'
12:16:46 [thread_id="35"] - (INFO) - [org.hibernate.tool.schema.internal.SchemaDropperImpl$DelayedDropActionImpl] HHH000477: Starting delayed evictData of schema as part of SessionFactory shut-down'
12:16:46 [thread_id="35"] - (WARN) - [org.springframework.beans.factory.support.DisposableBeanAdapter] Invocation of destroy method failed on bean with name 'inMemoryDatabaseShutdownExecutor': org.h2.jdbc.JdbcSQLNonTransientConnectionException: La base de datos ya esta cerrada (para des-habilitar el cerrado automatico durante el shutdown de la VM, agregue ";DB_CLOSE_ON_EXIT=FALSE" a la URL de conexión)
Database is already closed (to disable automatic closing at VM shutdown, add ";DB_CLOSE_ON_EXIT=FALSE" to the db URL) [90121-214]
12:16:46 [thread_id="35"] - (INFO) - [com.zaxxer.hikari.HikariDataSource] HikariPool-1 - Shutdown initiated...
12:16:46 [thread_id="35"] - (INFO) - [com.zaxxer.hikari.HikariDataSource] HikariPool-1 - Shutdown completed.
12:16:46 [thread_id="53"] - (INFO) - [uy.com.s4b.ManejoErrorApplication] Starting ManejoErrorApplication using Java 11.0.17 on MacBookPro-Alf.local with PID 6556 (/Users/arpela/Documents/proyectosPruebas/Prueba_Errores_REST/target/classes started by arpela in /Users/arpela/Documents/proyectosPruebas/Prueba_Errores_REST)
12:16:46 [thread_id="53"] - (INFO) - [uy.com.s4b.ManejoErrorApplication] No active profile set, falling back to 1 default profile: "default"
12:16:46 [thread_id="53"] - (INFO) - [org.springframework.data.repository.config.RepositoryConfigurationDelegate] Bootstrapping Spring Data JPA repositories in DEFAULT mode.
12:16:46 [thread_id="53"] - (INFO) - [org.springframework.data.repository.config.RepositoryConfigurationDelegate] Finished Spring Data repository scanning in 10 ms. Found 1 JPA repository interfaces.
12:16:46 [thread_id="53"] - (INFO) - [org.springframework.boot.web.embedded.tomcat.TomcatWebServer] Tomcat initialized with port(s): 8080 (http)
12:16:46 [thread_id="53"] - (INFO) - [org.apache.coyote.http11.Http11NioProtocol] Initializing ProtocolHandler ["http-nio-8080"]
12:16:46 [thread_id="53"] - (INFO) - [org.apache.catalina.core.StandardService] Starting service [Tomcat]
12:16:46 [thread_id="53"] - (INFO) - [org.apache.catalina.core.StandardEngine] Starting Servlet engine: [Apache Tomcat/9.0.65]
12:16:46 [thread_id="53"] - (INFO) - [org.apache.catalina.core.ContainerBase.[Tomcat].[localhost].[/]] Initializing Spring embedded WebApplicationContext
12:16:46 [thread_id="53"] - (INFO) - [org.springframework.boot.web.servlet.context.ServletWebServerApplicationContext] Root WebApplicationContext: initialization completed in 355 ms
12:16:46 [thread_id="53"] - (INFO) - [com.zaxxer.hikari.HikariDataSource] HikariPool-2 - Starting...
12:16:46 [thread_id="53"] - (INFO) - [com.zaxxer.hikari.HikariDataSource] HikariPool-2 - Start completed.
12:16:46 [thread_id="53"] - (INFO) - [org.springframework.boot.autoconfigure.h2.H2ConsoleAutoConfiguration] H2 console available at '/h2-console'. Database available at 'jdbc:h2:mem:testdb'
12:16:46 [thread_id="53"] - (INFO) - [org.hibernate.jpa.internal.util.LogHelper] HHH000204: Processing PersistenceUnitInfo [name: default]
12:16:46 [thread_id="53"] - (INFO) - [org.hibernate.dialect.Dialect] HHH000400: Using dialect: org.hibernate.dialect.H2Dialect
12:16:47 [thread_id="53"] - (INFO) - [org.hibernate.engine.transaction.jta.platform.internal.JtaPlatformInitiator] HHH000490: Using JtaPlatform implementation: [org.hibernate.engine.transaction.jta.platform.internal.NoJtaPlatform]
12:16:47 [thread_id="53"] - (INFO) - [org.springframework.orm.jpa.LocalContainerEntityManagerFactoryBean] Initialized JPA EntityManagerFactory for persistence unit 'default'
12:16:47 [thread_id="53"] - (WARN) - [org.springframework.boot.autoconfigure.orm.jpa.JpaBaseConfiguration$JpaWebConfiguration] spring.jpa.open-in-view is enabled by default. Therefore, database queries may be performed during view rendering. Explicitly configure spring.jpa.open-in-view to disable this warning
12:16:47 [thread_id="53"] - (INFO) - [org.springframework.boot.devtools.autoconfigure.OptionalLiveReloadServer] LiveReload server is running on port 35729
12:16:47 [thread_id="53"] - (INFO) - [org.apache.coyote.http11.Http11NioProtocol] Starting ProtocolHandler ["http-nio-8080"]
12:16:47 [thread_id="53"] - (INFO) - [org.springframework.boot.web.embedded.tomcat.TomcatWebServer] Tomcat started on port(s): 8080 (http) with context path ''
12:16:47 [thread_id="53"] - (INFO) - [uy.com.s4b.ManejoErrorApplication] Started ManejoErrorApplication in 0.778 seconds (JVM running for 15.616)
12:16:47 [thread_id="53"] - (INFO) - [org.springframework.boot.devtools.autoconfigure.ConditionEvaluationDeltaLoggingListener] Condition evaluation unchanged
12:18:58 [thread_id="61"] - (INFO) - [org.springframework.boot.devtools.autoconfigure.LocalDevToolsAutoConfiguration$RestartingClassPathChangeChangedEventListener] Restarting due to 3 class path changes (0 additions, 0 deletions, 3 modifications)
12:18:58 [thread_id="50"] - (INFO) - [org.apache.coyote.http11.Http11NioProtocol] Pausing ProtocolHandler ["http-nio-8080"]
12:18:58 [thread_id="50"] - (INFO) - [org.apache.catalina.core.StandardService] Stopping service [Tomcat]
12:18:58 [thread_id="50"] - (INFO) - [org.apache.coyote.http11.Http11NioProtocol] Stopping ProtocolHandler ["http-nio-8080"]
12:18:58 [thread_id="50"] - (INFO) - [org.apache.coyote.http11.Http11NioProtocol] Destroying ProtocolHandler ["http-nio-8080"]
12:18:58 [thread_id="50"] - (INFO) - [org.springframework.orm.jpa.LocalContainerEntityManagerFactoryBean] Closing JPA EntityManagerFactory for persistence unit 'default'
12:18:58 [thread_id="50"] - (INFO) - [org.hibernate.tool.schema.internal.SchemaDropperImpl$DelayedDropActionImpl] HHH000477: Starting delayed evictData of schema as part of SessionFactory shut-down'
12:18:58 [thread_id="50"] - (WARN) - [org.springframework.beans.factory.support.DisposableBeanAdapter] Invocation of destroy method failed on bean with name 'inMemoryDatabaseShutdownExecutor': org.h2.jdbc.JdbcSQLNonTransientConnectionException: La base de datos ya esta cerrada (para des-habilitar el cerrado automatico durante el shutdown de la VM, agregue ";DB_CLOSE_ON_EXIT=FALSE" a la URL de conexión)
Database is already closed (to disable automatic closing at VM shutdown, add ";DB_CLOSE_ON_EXIT=FALSE" to the db URL) [90121-214]
12:18:58 [thread_id="50"] - (INFO) - [com.zaxxer.hikari.HikariDataSource] HikariPool-2 - Shutdown initiated...
12:18:58 [thread_id="50"] - (INFO) - [com.zaxxer.hikari.HikariDataSource] HikariPool-2 - Shutdown completed.
12:18:58 [thread_id="77"] - (INFO) - [uy.com.s4b.ManejoErrorApplication] Starting ManejoErrorApplication using Java 11.0.17 on MacBookPro-Alf.local with PID 6556 (/Users/arpela/Documents/proyectosPruebas/Prueba_Errores_REST/target/classes started by arpela in /Users/arpela/Documents/proyectosPruebas/Prueba_Errores_REST)
12:18:58 [thread_id="77"] - (INFO) - [uy.com.s4b.ManejoErrorApplication] No active profile set, falling back to 1 default profile: "default"
12:18:58 [thread_id="77"] - (INFO) - [org.springframework.data.repository.config.RepositoryConfigurationDelegate] Bootstrapping Spring Data JPA repositories in DEFAULT mode.
12:18:58 [thread_id="77"] - (INFO) - [org.springframework.data.repository.config.RepositoryConfigurationDelegate] Finished Spring Data repository scanning in 8 ms. Found 1 JPA repository interfaces.
12:18:59 [thread_id="77"] - (INFO) - [org.springframework.boot.web.embedded.tomcat.TomcatWebServer] Tomcat initialized with port(s): 8080 (http)
12:18:59 [thread_id="77"] - (INFO) - [org.apache.coyote.http11.Http11NioProtocol] Initializing ProtocolHandler ["http-nio-8080"]
12:18:59 [thread_id="77"] - (INFO) - [org.apache.catalina.core.StandardService] Starting service [Tomcat]
12:18:59 [thread_id="77"] - (INFO) - [org.apache.catalina.core.StandardEngine] Starting Servlet engine: [Apache Tomcat/9.0.65]
12:18:59 [thread_id="77"] - (INFO) - [org.apache.catalina.core.ContainerBase.[Tomcat].[localhost].[/]] Initializing Spring embedded WebApplicationContext
12:18:59 [thread_id="77"] - (INFO) - [org.springframework.boot.web.servlet.context.ServletWebServerApplicationContext] Root WebApplicationContext: initialization completed in 302 ms
12:18:59 [thread_id="77"] - (INFO) - [com.zaxxer.hikari.HikariDataSource] HikariPool-3 - Starting...
12:18:59 [thread_id="77"] - (INFO) - [com.zaxxer.hikari.HikariDataSource] HikariPool-3 - Start completed.
12:18:59 [thread_id="77"] - (INFO) - [org.springframework.boot.autoconfigure.h2.H2ConsoleAutoConfiguration] H2 console available at '/h2-console'. Database available at 'jdbc:h2:mem:testdb'
12:18:59 [thread_id="77"] - (INFO) - [org.hibernate.jpa.internal.util.LogHelper] HHH000204: Processing PersistenceUnitInfo [name: default]
12:18:59 [thread_id="77"] - (INFO) - [org.hibernate.dialect.Dialect] HHH000400: Using dialect: org.hibernate.dialect.H2Dialect
12:18:59 [thread_id="77"] - (INFO) - [org.hibernate.engine.transaction.jta.platform.internal.JtaPlatformInitiator] HHH000490: Using JtaPlatform implementation: [org.hibernate.engine.transaction.jta.platform.internal.NoJtaPlatform]
12:18:59 [thread_id="77"] - (INFO) - [org.springframework.orm.jpa.LocalContainerEntityManagerFactoryBean] Initialized JPA EntityManagerFactory for persistence unit 'default'
12:18:59 [thread_id="77"] - (WARN) - [org.springframework.boot.autoconfigure.orm.jpa.JpaBaseConfiguration$JpaWebConfiguration] spring.jpa.open-in-view is enabled by default. Therefore, database queries may be performed during view rendering. Explicitly configure spring.jpa.open-in-view to disable this warning
12:18:59 [thread_id="77"] - (INFO) - [org.springframework.boot.devtools.autoconfigure.OptionalLiveReloadServer] LiveReload server is running on port 35729
12:18:59 [thread_id="77"] - (INFO) - [org.apache.coyote.http11.Http11NioProtocol] Starting ProtocolHandler ["http-nio-8080"]
12:18:59 [thread_id="77"] - (INFO) - [org.springframework.boot.web.embedded.tomcat.TomcatWebServer] Tomcat started on port(s): 8080 (http) with context path ''
12:18:59 [thread_id="77"] - (INFO) - [uy.com.s4b.ManejoErrorApplication] Started ManejoErrorApplication in 0.821 seconds (JVM running for 147.713)
12:18:59 [thread_id="77"] - (INFO) - [org.springframework.boot.devtools.autoconfigure.ConditionEvaluationDeltaLoggingListener] Condition evaluation unchanged
12:19:10 [thread_id="85"] - (INFO) - [org.springframework.boot.devtools.autoconfigure.LocalDevToolsAutoConfiguration$RestartingClassPathChangeChangedEventListener] Restarting due to 1 class path change (0 additions, 0 deletions, 1 modification)
12:19:10 [thread_id="74"] - (INFO) - [org.apache.coyote.http11.Http11NioProtocol] Pausing ProtocolHandler ["http-nio-8080"]
12:19:10 [thread_id="74"] - (INFO) - [org.apache.catalina.core.StandardService] Stopping service [Tomcat]
12:19:10 [thread_id="74"] - (INFO) - [org.apache.coyote.http11.Http11NioProtocol] Stopping ProtocolHandler ["http-nio-8080"]
12:19:10 [thread_id="74"] - (INFO) - [org.apache.coyote.http11.Http11NioProtocol] Destroying ProtocolHandler ["http-nio-8080"]
12:19:10 [thread_id="74"] - (INFO) - [org.springframework.orm.jpa.LocalContainerEntityManagerFactoryBean] Closing JPA EntityManagerFactory for persistence unit 'default'
12:19:10 [thread_id="74"] - (INFO) - [org.hibernate.tool.schema.internal.SchemaDropperImpl$DelayedDropActionImpl] HHH000477: Starting delayed evictData of schema as part of SessionFactory shut-down'
12:19:11 [thread_id="74"] - (WARN) - [org.springframework.beans.factory.support.DisposableBeanAdapter] Invocation of destroy method failed on bean with name 'inMemoryDatabaseShutdownExecutor': org.h2.jdbc.JdbcSQLNonTransientConnectionException: La base de datos ya esta cerrada (para des-habilitar el cerrado automatico durante el shutdown de la VM, agregue ";DB_CLOSE_ON_EXIT=FALSE" a la URL de conexión)
Database is already closed (to disable automatic closing at VM shutdown, add ";DB_CLOSE_ON_EXIT=FALSE" to the db URL) [90121-214]
12:19:11 [thread_id="74"] - (INFO) - [com.zaxxer.hikari.HikariDataSource] HikariPool-3 - Shutdown initiated...
12:19:11 [thread_id="74"] - (INFO) - [com.zaxxer.hikari.HikariDataSource] HikariPool-3 - Shutdown completed.
12:19:11 [thread_id="101"] - (INFO) - [uy.com.s4b.ManejoErrorApplication] Starting ManejoErrorApplication using Java 11.0.17 on MacBookPro-Alf.local with PID 6556 (/Users/arpela/Documents/proyectosPruebas/Prueba_Errores_REST/target/classes started by arpela in /Users/arpela/Documents/proyectosPruebas/Prueba_Errores_REST)
12:19:11 [thread_id="101"] - (INFO) - [uy.com.s4b.ManejoErrorApplication] No active profile set, falling back to 1 default profile: "default"
12:19:11 [thread_id="101"] - (INFO) - [org.springframework.data.repository.config.RepositoryConfigurationDelegate] Bootstrapping Spring Data JPA repositories in DEFAULT mode.
12:19:11 [thread_id="101"] - (INFO) - [org.springframework.data.repository.config.RepositoryConfigurationDelegate] Finished Spring Data repository scanning in 7 ms. Found 1 JPA repository interfaces.
12:19:11 [thread_id="101"] - (INFO) - [org.springframework.boot.web.embedded.tomcat.TomcatWebServer] Tomcat initialized with port(s): 8080 (http)
12:19:11 [thread_id="101"] - (INFO) - [org.apache.coyote.http11.Http11NioProtocol] Initializing ProtocolHandler ["http-nio-8080"]
12:19:11 [thread_id="101"] - (INFO) - [org.apache.catalina.core.StandardService] Starting service [Tomcat]
12:19:11 [thread_id="101"] - (INFO) - [org.apache.catalina.core.StandardEngine] Starting Servlet engine: [Apache Tomcat/9.0.65]
12:19:11 [thread_id="101"] - (INFO) - [org.apache.catalina.core.ContainerBase.[Tomcat].[localhost].[/]] Initializing Spring embedded WebApplicationContext
12:19:11 [thread_id="101"] - (INFO) - [org.springframework.boot.web.servlet.context.ServletWebServerApplicationContext] Root WebApplicationContext: initialization completed in 252 ms
12:19:11 [thread_id="101"] - (INFO) - [com.zaxxer.hikari.HikariDataSource] HikariPool-4 - Starting...
12:19:11 [thread_id="101"] - (INFO) - [com.zaxxer.hikari.HikariDataSource] HikariPool-4 - Start completed.
12:19:11 [thread_id="101"] - (INFO) - [org.springframework.boot.autoconfigure.h2.H2ConsoleAutoConfiguration] H2 console available at '/h2-console'. Database available at 'jdbc:h2:mem:testdb'
12:19:11 [thread_id="101"] - (INFO) - [org.hibernate.jpa.internal.util.LogHelper] HHH000204: Processing PersistenceUnitInfo [name: default]
12:19:11 [thread_id="101"] - (INFO) - [org.hibernate.dialect.Dialect] HHH000400: Using dialect: org.hibernate.dialect.H2Dialect
12:19:11 [thread_id="101"] - (INFO) - [org.hibernate.engine.transaction.jta.platform.internal.JtaPlatformInitiator] HHH000490: Using JtaPlatform implementation: [org.hibernate.engine.transaction.jta.platform.internal.NoJtaPlatform]
12:19:11 [thread_id="101"] - (INFO) - [org.springframework.orm.jpa.LocalContainerEntityManagerFactoryBean] Initialized JPA EntityManagerFactory for persistence unit 'default'
12:19:11 [thread_id="101"] - (WARN) - [org.springframework.boot.autoconfigure.orm.jpa.JpaBaseConfiguration$JpaWebConfiguration] spring.jpa.open-in-view is enabled by default. Therefore, database queries may be performed during view rendering. Explicitly configure spring.jpa.open-in-view to disable this warning
12:19:11 [thread_id="101"] - (INFO) - [org.springframework.boot.devtools.autoconfigure.OptionalLiveReloadServer] LiveReload server is running on port 35729
12:19:11 [thread_id="101"] - (INFO) - [org.apache.coyote.http11.Http11NioProtocol] Starting ProtocolHandler ["http-nio-8080"]
12:19:11 [thread_id="101"] - (INFO) - [org.springframework.boot.web.embedded.tomcat.TomcatWebServer] Tomcat started on port(s): 8080 (http) with context path ''
12:19:11 [thread_id="101"] - (INFO) - [uy.com.s4b.ManejoErrorApplication] Started ManejoErrorApplication in 0.602 seconds (JVM running for 160.192)
12:19:11 [thread_id="101"] - (INFO) - [org.springframework.boot.devtools.autoconfigure.ConditionEvaluationDeltaLoggingListener] Condition evaluation unchanged
12:20:57 [thread_id="110"] - (INFO) - [org.apache.catalina.core.ContainerBase.[Tomcat].[localhost].[/]] Initializing Spring DispatcherServlet 'dispatcherServlet'
12:20:57 [thread_id="110"] - (INFO) - [org.springframework.web.servlet.DispatcherServlet] Initializing Servlet 'dispatcherServlet'
12:20:57 [thread_id="110"] - (INFO) - [org.springframework.web.servlet.DispatcherServlet] Completed initialization in 1 ms
12:20:57 [thread_id="110"] - (WARN) - [org.springframework.web.servlet.mvc.method.annotation.ExceptionHandlerExceptionResolver] Resolved [uy.com.s4b.exception.RecordNotFoundException: No se localizo el empleado: 2]
12:21:09 [thread_id="111"] - (WARN) - [org.springframework.web.servlet.mvc.method.annotation.ExceptionHandlerExceptionResolver] Resolved [uy.com.s4b.exception.RecordNotFoundException: No se localizo el empleado: 1]
12:21:29 [thread_id="112"] - (INFO) - [uy.com.s4b.controller.api.impl.RestControlerAPIControler] ############################## 
12:21:29 [thread_id="112"] - (INFO) - [uy.com.s4b.controller.api.impl.RestControlerAPIControler] Dato recibido: 
12:21:29 [thread_id="112"] - (INFO) - [uy.com.s4b.controller.api.impl.RestControlerAPIControler] EmployeeVO[email=info@antel.com.uy,employeeId=1,firstName=ANTEL,lastName=Antel]
12:21:29 [thread_id="112"] - (INFO) - [uy.com.s4b.controller.api.impl.RestControlerAPIControler] ############################## 
12:22:07 [thread_id="122"] - (INFO) - [org.springframework.boot.admin.SpringApplicationAdminMXBeanRegistrar$SpringApplicationAdmin] Application shutdown requested.
12:22:07 [thread_id="122"] - (INFO) - [org.apache.coyote.http11.Http11NioProtocol] Pausing ProtocolHandler ["http-nio-8080"]
12:22:07 [thread_id="122"] - (INFO) - [org.apache.catalina.core.StandardService] Stopping service [Tomcat]
12:22:07 [thread_id="122"] - (INFO) - [org.apache.catalina.core.ContainerBase.[Tomcat].[localhost].[/]] Destroying Spring FrameworkServlet 'dispatcherServlet'
12:22:07 [thread_id="122"] - (INFO) - [org.apache.coyote.http11.Http11NioProtocol] Stopping ProtocolHandler ["http-nio-8080"]
12:22:07 [thread_id="122"] - (INFO) - [org.apache.coyote.http11.Http11NioProtocol] Destroying ProtocolHandler ["http-nio-8080"]
12:22:07 [thread_id="122"] - (INFO) - [org.springframework.orm.jpa.LocalContainerEntityManagerFactoryBean] Closing JPA EntityManagerFactory for persistence unit 'default'
12:22:07 [thread_id="122"] - (INFO) - [org.hibernate.tool.schema.internal.SchemaDropperImpl$DelayedDropActionImpl] HHH000477: Starting delayed evictData of schema as part of SessionFactory shut-down'
12:22:07 [thread_id="122"] - (WARN) - [org.springframework.beans.factory.support.DisposableBeanAdapter] Invocation of destroy method failed on bean with name 'inMemoryDatabaseShutdownExecutor': org.h2.jdbc.JdbcSQLNonTransientConnectionException: La base de datos ya esta cerrada (para des-habilitar el cerrado automatico durante el shutdown de la VM, agregue ";DB_CLOSE_ON_EXIT=FALSE" a la URL de conexión)
Database is already closed (to disable automatic closing at VM shutdown, add ";DB_CLOSE_ON_EXIT=FALSE" to the db URL) [90121-214]
12:22:07 [thread_id="122"] - (INFO) - [com.zaxxer.hikari.HikariDataSource] HikariPool-4 - Shutdown initiated...
12:22:08 [thread_id="122"] - (INFO) - [com.zaxxer.hikari.HikariDataSource] HikariPool-4 - Shutdown completed.
